build/app/intermediates/manifest_merge_blame_file/debug/manifest-merger-blame-debug-report.txt
1<?xml version="1.0" encoding="utf-8"?>
2<manifest xmlns:android="http://schemas.android.com/apk/res/android"
3    package="com.example.faceblur"
4    android:versionCode="1"
5    android:versionName="1.0.0" >
6
7    <uses-sdk
8        android:minSdkVersion="21"
9        android:targetSdkVersion="33" />
10    <!--
11         The INTERNET permission is required for development. Specifically,
12         the Flutter tool needs it to communicate with the running application
13         to allow setting breakpoints, to provide hot reload, etc.
14    -->
15    <uses-permission android:name="android.permission.INTERNET" />
15-->src/debug/AndroidManifest.xml:6:5-66
15-->src/debug/AndroidManifest.xml:6:22-64
16    <uses-permission android:name="android.permission.CAMERA" />
16-->[:camera_android] AndroidManifest.xml:9:5-65
16-->[:camera_android] AndroidManifest.xml:9:22-62
17    <uses-permission android:name="android.permission.RECORD_AUDIO" />
17-->[:camera_android] AndroidManifest.xml:10:5-71
17-->[:camera_android] AndroidManifest.xml:10:22-68
18
19    <permission
19-->[androidx.core:core:1.10.1] AndroidManifest.xml:22:5-24:47
20        android:name="com.example.faceblur.DYNAMIC_RECEIVER_NOT_EXPORTED_PERMISSION"
20-->[androidx.core:core:1.10.1] AndroidManifest.xml:23:9-81
21        android:protectionLevel="signature" />
21-->[androidx.core:core:1.10.1] AndroidManifest.xml:24:9-44
22
23    <uses-permission android:name="com.example.faceblur.DYNAMIC_RECEIVER_NOT_EXPORTED_PERMISSION" /> <!-- Although the *SdkVersion is captured in gradle build files, this is required for non gradle builds -->
23-->[androidx.core:core:1.10.1] AndroidManifest.xml:26:5-97
23-->[androidx.core:core:1.10.1] AndroidManifest.xml:26:22-94
24    <!-- <uses-sdk android:minSdkVersion="14"/> -->
25    <uses-permission android:name="android.permission.ACCESS_NETWORK_STATE" />
25-->[com.google.android.datatransport:transport-backend-cct:2.3.3] AndroidManifest.xml:25:5-79
25-->[com.google.android.datatransport:transport-backend-cct:2.3.3] AndroidManifest.xml:25:22-76
26
27    <application
28        android:name="android.app.Application"
29        android:appComponentFactory="androidx.core.app.CoreComponentFactory"
29-->[androidx.core:core:1.10.1] AndroidManifest.xml:28:18-86
30        android:debuggable="true"
31        android:icon="@mipmap/ic_launcher"
32        android:label="faceblur" >
33        <activity
34            android:name="com.example.faceblur.MainActivity"
35            android:configChanges="orientation|keyboardHidden|keyboard|screenSize|smallestScreenSize|locale|layoutDirection|fontScale|screenLayout|density|uiMode"
36            android:exported="true"
37            android:hardwareAccelerated="true"
38            android:launchMode="singleTop"
39            android:theme="@style/LaunchTheme"
40            android:windowSoftInputMode="adjustResize" >
41
42            <!--
43                 Specifies an Android theme to apply to this Activity as soon as
44                 the Android process has started. This theme is visible to the user
45                 while the Flutter UI initializes. After that, this theme continues
46                 to determine the Window background behind the Flutter UI.
47            -->
48            <meta-data
49                android:name="io.flutter.embedding.android.NormalTheme"
50                android:resource="@style/NormalTheme" />
51
52            <intent-filter>
53                <action android:name="android.intent.action.MAIN" />
54
55                <category android:name="android.intent.category.LAUNCHER" />
56            </intent-filter>
57        </activity>
58        <!--
59             Don't delete the meta-data below.
60             This is used by the Flutter tool to generate GeneratedPluginRegistrant.java
61        -->
62        <meta-data
63            android:name="flutterEmbedding"
64            android:value="2" />
65
66        <provider
66-->[:image_picker_android] AndroidManifest.xml:10:9-18:20
67            android:name="io.flutter.plugins.imagepicker.ImagePickerFileProvider"
67-->[:image_picker_android] AndroidManifest.xml:11:13-82
68            android:authorities="com.example.faceblur.flutter.image_provider"
68-->[:image_picker_android] AndroidManifest.xml:12:13-74
69            android:exported="false"
69-->[:image_picker_android] AndroidManifest.xml:13:13-37
70            android:grantUriPermissions="true" >
70-->[:image_picker_android] AndroidManifest.xml:14:13-47
71            <meta-data
71-->[:image_picker_android] AndroidManifest.xml:15:13-17:75
72                android:name="android.support.FILE_PROVIDER_PATHS"
72-->[:image_picker_android] AndroidManifest.xml:16:17-67
73                android:resource="@xml/flutter_image_picker_file_paths" />
73-->[:image_picker_android] AndroidManifest.xml:17:17-72
74        </provider>
75
76        <service
76-->[com.google.android.gms:play-services-mlkit-face-detection:17.0.1] AndroidManifest.xml:9:9-15:19
77            android:name="com.google.mlkit.common.internal.MlKitComponentDiscoveryService"
77-->[com.google.android.gms:play-services-mlkit-face-detection:17.0.1] AndroidManifest.xml:10:13-91
78            android:directBootAware="true"
78-->[com.google.mlkit:common:18.6.0] AndroidManifest.xml:17:13-43
79            android:exported="false" >
79-->[com.google.android.gms:play-services-mlkit-face-detection:17.0.1] AndroidManifest.xml:11:13-37
80            <meta-data
80-->[com.google.android.gms:play-services-mlkit-face-detection:17.0.1] AndroidManifest.xml:12:13-14:85
81                android:name="com.google.firebase.components:com.google.mlkit.vision.face.internal.FaceRegistrar"
81-->[com.google.android.gms:play-services-mlkit-face-detection:17.0.1] AndroidManifest.xml:13:17-114
82                android:value="com.google.firebase.components.ComponentRegistrar" />
82-->[com.google.android.gms:play-services-mlkit-face-detection:17.0.1] AndroidManifest.xml:14:17-82
83            <meta-data
83-->[com.google.mlkit:vision-common:17.3.0] AndroidManifest.xml:12:13-14:85
84                android:name="com.google.firebase.components:com.google.mlkit.vision.common.internal.VisionCommonRegistrar"
84-->[com.google.mlkit:vision-common:17.3.0] AndroidManifest.xml:13:17-124
85                android:value="com.google.firebase.components.ComponentRegistrar" />
85-->[com.google.mlkit:vision-common:17.3.0] AndroidManifest.xml:14:17-82
86            <meta-data
86-->[com.google.mlkit:common:18.6.0] AndroidManifest.xml:20:13-22:85
87                android:name="com.google.firebase.components:com.google.mlkit.common.internal.CommonComponentRegistrar"
87-->[com.google.mlkit:common:18.6.0] AndroidManifest.xml:21:17-120
88                android:value="com.google.firebase.components.ComponentRegistrar" />
88-->[com.google.mlkit:common:18.6.0] AndroidManifest.xml:22:17-82
89        </service>
90
91        <provider
91-->[com.google.mlkit:common:18.6.0] AndroidManifest.xml:9:9-13:38
92            android:name="com.google.mlkit.common.internal.MlKitInitProvider"
92-->[com.google.mlkit:common:18.6.0] AndroidManifest.xml:10:13-78
93            android:authorities="com.example.faceblur.mlkitinitprovider"
93-->[com.google.mlkit:common:18.6.0] AndroidManifest.xml:11:13-69
94            android:exported="false"
94-->[com.google.mlkit:common:18.6.0] AndroidManifest.xml:12:13-37
95            android:initOrder="99" />
95-->[com.google.mlkit:common:18.6.0] AndroidManifest.xml:13:13-35
96
97        <activity
97-->[com.google.android.gms:play-services-base:18.1.0] AndroidManifest.xml:20:9-22:45
98            android:name="com.google.android.gms.common.api.GoogleApiActivity"
98-->[com.google.android.gms:play-services-base:18.1.0] AndroidManifest.xml:20:19-85
99            android:exported="false"
99-->[com.google.android.gms:play-services-base:18.1.0] AndroidManifest.xml:22:19-43
100            android:theme="@android:style/Theme.Translucent.NoTitleBar" />
100-->[com.google.android.gms:play-services-base:18.1.0] AndroidManifest.xml:21:19-78
101
102        <meta-data
102-->[com.google.android.gms:play-services-basement:18.1.0] AndroidManifest.xml:21:9-23:69
103            android:name="com.google.android.gms.version"
103-->[com.google.android.gms:play-services-basement:18.1.0] AndroidManifest.xml:22:13-58
104            android:value="@integer/google_play_services_version" />
104-->[com.google.android.gms:play-services-basement:18.1.0] AndroidManifest.xml:23:13-66
105
106        <uses-library
106-->[androidx.window:window:1.0.0-beta04] AndroidManifest.xml:25:9-27:40
107            android:name="androidx.window.extensions"
107-->[androidx.window:window:1.0.0-beta04] AndroidManifest.xml:26:13-54
108            android:required="false" />
108-->[androidx.window:window:1.0.0-beta04] AndroidManifest.xml:27:13-37
109        <uses-library
109-->[androidx.window:window:1.0.0-beta04] AndroidManifest.xml:28:9-30:40
110            android:name="androidx.window.sidecar"
110-->[androidx.window:window:1.0.0-beta04] AndroidManifest.xml:29:13-51
111            android:required="false" />
111-->[androidx.window:window:1.0.0-beta04] AndroidManifest.xml:30:13-37
112
113        <provider
113-->[androidx.profileinstaller:profileinstaller:1.3.0] AndroidManifest.xml:24:9-32:20
114            android:name="androidx.startup.InitializationProvider"
114-->[androidx.profileinstaller:profileinstaller:1.3.0] AndroidManifest.xml:25:13-67
115            android:authorities="com.example.faceblur.androidx-startup"
115-->[androidx.profileinstaller:profileinstaller:1.3.0] AndroidManifest.xml:26:13-68
116            android:exported="false" >
116-->[androidx.profileinstaller:profileinstaller:1.3.0] AndroidManifest.xml:27:13-37
117            <meta-data
117-->[androidx.profileinstaller:profileinstaller:1.3.0] AndroidManifest.xml:29:13-31:52
118                android:name="androidx.profileinstaller.ProfileInstallerInitializer"
118-->[androidx.profileinstaller:profileinstaller:1.3.0] AndroidManifest.xml:30:17-85
119                android:value="androidx.startup" />
119-->[androidx.profileinstaller:profileinstaller:1.3.0] AndroidManifest.xml:31:17-49
120        </provider>
121
122        <receiver
122-->[androidx.profileinstaller:profileinstaller:1.3.0] AndroidManifest.xml:34:9-52:20
123            android:name="androidx.profileinstaller.ProfileInstallReceiver"
123-->[androidx.profileinstaller:profileinstaller:1.3.0] AndroidManifest.xml:35:13-76
124            android:directBootAware="false"
124-->[androidx.profileinstaller:profileinstaller:1.3.0] AndroidManifest.xml:36:13-44
125            android:enabled="true"
125-->[androidx.profileinstaller:profileinstaller:1.3.0] AndroidManifest.xml:37:13-35
126            android:exported="true"
126-->[androidx.profileinstaller:profileinstaller:1.3.0] AndroidManifest.xml:38:13-36
127            android:permission="android.permission.DUMP" >
127-->[androidx.profileinstaller:profileinstaller:1.3.0] AndroidManifest.xml:39:13-57
128            <intent-filter>
128-->[androidx.profileinstaller:profileinstaller:1.3.0] AndroidManifest.xml:40:13-42:29
129                <action android:name="androidx.profileinstaller.action.INSTALL_PROFILE" />
129-->[androidx.profileinstaller:profileinstaller:1.3.0] AndroidManifest.xml:41:17-91
129-->[androidx.profileinstaller:profileinstaller:1.3.0] AndroidManifest.xml:41:25-88
130            </intent-filter>
131            <intent-filter>
131-->[androidx.profileinstaller:profileinstaller:1.3.0] AndroidManifest.xml:43:13-45:29
132                <action android:name="androidx.profileinstaller.action.SKIP_FILE" />
132-->[androidx.profileinstaller:profileinstaller:1.3.0] AndroidManifest.xml:44:17-85
132-->[androidx.profileinstaller:profileinstaller:1.3.0] AndroidManifest.xml:44:25-82
133            </intent-filter>
134            <intent-filter>
134-->[androidx.profileinstaller:profileinstaller:1.3.0] AndroidManifest.xml:46:13-48:29
135                <action android:name="androidx.profileinstaller.action.SAVE_PROFILE" />
135-->[androidx.profileinstaller:profileinstaller:1.3.0] AndroidManifest.xml:47:17-88
135-->[androidx.profileinstaller:profileinstaller:1.3.0] AndroidManifest.xml:47:25-85
136            </intent-filter>
137            <intent-filter>
137-->[androidx.profileinstaller:profileinstaller:1.3.0] AndroidManifest.xml:49:13-51:29
138                <action android:name="androidx.profileinstaller.action.BENCHMARK_OPERATION" />
138-->[androidx.profileinstaller:profileinstaller:1.3.0] AndroidManifest.xml:50:17-95
138-->[androidx.profileinstaller:profileinstaller:1.3.0] AndroidManifest.xml:50:25-92
139            </intent-filter>
140        </receiver>
141
142        <service
142-->[com.google.android.datatransport:transport-backend-cct:2.3.3] AndroidManifest.xml:29:9-35:19
143            android:name="com.google.android.datatransport.runtime.backends.TransportBackendDiscovery"
143-->[com.google.android.datatransport:transport-backend-cct:2.3.3] AndroidManifest.xml:30:13-103
144            android:exported="false" >
144-->[com.google.android.datatransport:transport-backend-cct:2.3.3] AndroidManifest.xml:31:13-37
145            <meta-data
145-->[com.google.android.datatransport:transport-backend-cct:2.3.3] AndroidManifest.xml:32:13-34:39
146                android:name="backend:com.google.android.datatransport.cct.CctBackendFactory"
146-->[com.google.android.datatransport:transport-backend-cct:2.3.3] AndroidManifest.xml:33:17-94
147                android:value="cct" />
147-->[com.google.android.datatransport:transport-backend-cct:2.3.3] AndroidManifest.xml:34:17-36
148        </service>
149        <service
149-->[com.google.android.datatransport:transport-runtime:2.2.6] AndroidManifest.xml:26:9-30:19
150            android:name="com.google.android.datatransport.runtime.scheduling.jobscheduling.JobInfoSchedulerService"
150-->[com.google.android.datatransport:transport-runtime:2.2.6] AndroidManifest.xml:27:13-117
151            android:exported="false"
151-->[com.google.android.datatransport:transport-runtime:2.2.6] AndroidManifest.xml:28:13-37
152            android:permission="android.permission.BIND_JOB_SERVICE" >
152-->[com.google.android.datatransport:transport-runtime:2.2.6] AndroidManifest.xml:29:13-69
153        </service>
154
155        <receiver
155-->[com.google.android.datatransport:transport-runtime:2.2.6] AndroidManifest.xml:32:9-34:40
156            android:name="com.google.android.datatransport.runtime.scheduling.jobscheduling.AlarmManagerSchedulerBroadcastReceiver"
156-->[com.google.android.datatransport:transport-runtime:2.2.6] AndroidManifest.xml:33:13-132
157            android:exported="false" />
157-->[com.google.android.datatransport:transport-runtime:2.2.6] AndroidManifest.xml:34:13-37
158    </application>
159
160</manifest>